[1202/231046.121:ERROR:directory_reader_win.cc(43)] FindFirstFile: Системе не удается найти указанный путь. (0x3)
[1202/232928.745:ERROR:directory_reader_win.cc(43)] FindFirstFile: Системе не удается найти указанный путь. (0x3)
[1203/142915.591:ERROR:directory_reader_win.cc(43)] FindFirstFile: Системе не удается найти указанный путь. (0x3)
[1203/143110.688:ERROR:process_reader_win.cc(188)] ResumeThread: Параметр задан неверно. (0x57)
[1203/143110.688:ERROR:process_reader_win.cc(151)] SuspendThread: Отказано в доступе. (0x5)
[1203/143110.688:ERROR:process_reader_win.cc(151)] SuspendThread: Отказано в доступе. (0x5)
[1203/143110.688:ERROR:process_reader_win.cc(151)] SuspendThread: Отказано в доступе. (0x5)
[1203/143110.688:ERROR:process_reader_win.cc(151)] SuspendThread: Отказано в доступе. (0x5)
[1203/143110.689:ERROR:process_reader_win.cc(151)] SuspendThread: Отказано в доступе. (0x5)
[1203/143110.689:ERROR:process_reader_win.cc(151)] SuspendThread: Отказано в доступе. (0x5)
[1203/143110.689:ERROR:process_reader_win.cc(151)] SuspendThread: Отказано в доступе. (0x5)
[1203/143110.689:ERROR:process_reader_win.cc(151)] SuspendThread: Отказано в доступе. (0x5)
[1203/143110.689:ERROR:process_reader_win.cc(151)] SuspendThread: Отказано в доступе. (0x5)
[1203/143110.838:ERROR:filesystem_win.cc(129)] GetFileAttributes C:\Users\miron\AppData\Local\AVAST Software\Browser\User Data\Crashpad\attachments\55e8aa95-97e7-47f2-9d39-5e5855911601: Системе не удается найти указанный путь. (0x3)
[1203/145300.885:ERROR:directory_reader_win.cc(43)] FindFirstFile: Системе не удается найти указанный путь. (0x3)
[1203/150551.336:ERROR:directory_reader_win.cc(43)] FindFirstFile: Системе не удается найти указанный путь. (0x3)
[1203/170920.167:ERROR:directory_reader_win.cc(43)] FindFirstFile: Системе не удается найти указанный путь. (0x3)
[1204/122907.026:ERROR:directory_reader_win.cc(43)] FindFirstFile: Системе не удается найти указанный путь. (0x3)
[1205/000744.428:ERROR:directory_reader_win.cc(43)] FindFirstFile: Системе не удается найти указанный путь. (0x3)
[1205/021242.673:ERROR:process_reader_win.cc(151)] SuspendThread: Отказано в доступе. (0x5)
[1205/021242.673:ERROR:process_reader_win.cc(151)] SuspendThread: Отказано в доступе. (0x5)
[1205/021242.673:ERROR:process_reader_win.cc(123)] NtOpenThread: {Отказано в доступе} Процесс запросил доступ к объекту, но права на доступ не предоставлены. (0xc0000022)
[1205/021242.683:ERROR:exception_snapshot_win.cc(99)] thread ID 26044 not found in process
[1205/021242.703:ERROR:process_reader_win.cc(151)] SuspendThread: Отказано в доступе. (0x5)
[1205/021242.703:ERROR:process_reader_win.cc(151)] SuspendThread: Отказано в доступе. (0x5)
[1205/021242.703:ERROR:process_reader_win.cc(151)] SuspendThread: Отказано в доступе. (0x5)
[1205/021242.703:ERROR:process_reader_win.cc(151)] SuspendThread: Отказано в доступе. (0x5)
[1205/021242.703:ERROR:process_reader_win.cc(151)] SuspendThread: Отказано в доступе. (0x5)
[1205/021242.703:ERROR:process_reader_win.cc(151)] SuspendThread: Отказано в доступе. (0x5)
[1205/021242.703:ERROR:process_reader_win.cc(151)] SuspendThread: Отказано в доступе. (0x5)
[1205/021242.703:ERROR:process_reader_win.cc(151)] SuspendThread: Отказано в доступе. (0x5)
[1205/021242.703:ERROR:process_reader_win.cc(151)] SuspendThread: Отказано в доступе. (0x5)
[1205/021242.703:ERROR:process_reader_win.cc(151)] SuspendThread: Отказано в доступе. (0x5)
[1205/021242.703:ERROR:process_reader_win.cc(151)] SuspendThread: Отказано в доступе. (0x5)
[1205/021242.703:ERROR:process_reader_win.cc(123)] NtOpenThread: {Отказано в доступе} Процесс запросил доступ к объекту, но права на доступ не предоставлены. (0xc0000022)
[1205/021242.703:ERROR:exception_snapshot_win.cc(99)] thread ID 22556 not found in process
[1205/162508.062:ERROR:directory_reader_win.cc(43)] FindFirstFile: Системе не удается найти указанный путь. (0x3)
[1205/174628.856:ERROR:directory_reader_win.cc(43)] FindFirstFile: Системе не удается найти указанный путь. (0x3)
[1205/190003.578:ERROR:directory_reader_win.cc(43)] FindFirstFile: Системе не удается найти указанный путь. (0x3)
[1206/155537.771:ERROR:directory_reader_win.cc(43)] FindFirstFile: Системе не удается найти указанный путь. (0x3)
[1206/185529.226:ERROR:directory_reader_win.cc(43)] FindFirstFile: Системе не удается найти указанный путь. (0x3)
[1207/163325.298:ERROR:directory_reader_win.cc(43)] FindFirstFile: Системе не удается найти указанный путь. (0x3)
[1207/165433.695:ERROR:directory_reader_win.cc(43)] FindFirstFile: Системе не удается найти указанный путь. (0x3)
[1207/230418.136:ERROR:directory_reader_win.cc(43)] FindFirstFile: Системе не удается найти указанный путь. (0x3)
[1224/004143.976:ERROR:directory_reader_win.cc(43)] FindFirstFile: Системе не удается найти указанный путь. (0x3)
[1226/205457.917:ERROR:directory_reader_win.cc(43)] FindFirstFile: Системе не удается найти указанный путь. (0x3)
[0114/212909.303:ERROR:directory_reader_win.cc(43)] FindFirstFile: Системе не удается найти указанный путь. (0x3)
